This file contains any messages produced by compilers while
running configure, to aid debugging if configure makes a mistake.

It was created by configure, which was
generated by GNU Autoconf 2.59.  Invocation command line was

  $ ./configure 

## --------- ##
## Platform. ##
## --------- ##

hostname = nepal.local
uname -m = Power Macintosh
uname -r = 8.6.0
uname -s = Darwin
uname -v = Darwin Kernel Version 8.6.0: Tue Mar  7 16:58:48 PST 2006; root:xnu-792.6.70.obj~1/RELEASE_PPC

/usr/bin/uname -p = powerpc
/bin/uname -X     = unknown

/bin/arch              = unknown
/usr/bin/arch -k       = unknown
/usr/convex/getsysinfo = unknown
hostinfo               = Mach kernel version:
	 Darwin Kernel Version 8.6.0: Tue Mar  7 16:58:48 PST 2006; root:xnu-792.6.70.obj~1/RELEASE_PPC
Kernel configured for a single processor only.
1 processor is physically available.
Processor type: ppc7450 (PowerPC 7450)
Processor active: 0
Primary memory available: 512.00 megabytes
Default processor set: 99 tasks, 315 threads, 1 processors
Load average: 1.28, Mach factor: 0.48
/bin/machine           = unknown
/usr/bin/oslevel       = unknown
/bin/universe          = unknown

PATH: .
PATH: /u/fukuda/loca/bin
PATH: /u/fukuda/local/bin
PATH: /usr/local/bin
PATH: /usr/local/teTeX/bin/powerpc-apple-darwin-current
PATH: /Users/fukuda/local/polymake/bin
PATH: /usr/local/polymake/bin
PATH: /sw/bin
PATH: /usr/local/bin/Singular-2-0-6
PATH: //usr/local/mpich-1.2.4/ch_p4/sbin
PATH: /usr/local/mpich-1.2.4/ch_p4/bin
PATH: /usr/local/javaview/bin
PATH: /Applications/MATLAB6p5/bin
PATH: /bin
PATH: /sbin
PATH: /usr/bin
PATH: /usr/sbin


## ----------- ##
## Core tests. ##
## ----------- ##

configure:1310: checking for a BSD-compatible install
configure:1365: result: /usr/bin/install -c
configure:1376: checking whether build environment is sane
configure:1419: result: yes
configure:1452: checking for gawk
configure:1468: found /sw/bin/gawk
configure:1478: result: gawk
configure:1488: checking whether make sets $(MAKE)
configure:1508: result: yes
configure:1700: checking for gcc
configure:1716: found /usr/bin/gcc
configure:1726: result: gcc
configure:1970: checking for C compiler version
configure:1973: gcc --version </dev/null >&5
powerpc-apple-darwin8-gcc-4.0.0 (GCC) 4.0.0 20041026 (Apple Computer, Inc. build 4061)
Copyright (C) 2004 Free Software Foundation, Inc.
This is free software; see the source for copying conditions.  There is NO
warranty; not even for MERCHANTABILITY or FITNESS FOR A PARTICULAR PURPOSE.

configure:1976: $? = 0
configure:1978: gcc -v </dev/null >&5
Reading specs from /usr/lib/gcc/powerpc-apple-darwin8/4.0.0/specs
Configured with: /private/var/tmp/gcc/gcc-4061.obj~8/src/configure --disable-checking --prefix=/usr --mandir=/share/man --enable-languages=c,objc,c++,obj-c++ --program-transform-name=/^[cg][^+.-]*$/s/$/-4.0/ --with-gxx-include-dir=/include/gcc/darwin/4.0/c++ --build=powerpc-apple-darwin8 --host=powerpc-apple-darwin8 --target=powerpc-apple-darwin8
Thread model: posix
gcc version 4.0.0 20041026 (Apple Computer, Inc. build 4061)
configure:1981: $? = 0
configure:1983: gcc -V </dev/null >&5
gcc: argument to `-V' is missing
configure:1986: $? = 1
configure:2009: checking for C compiler default output file name
configure:2012: gcc    conftest.c  >&5
configure:2015: $? = 0
configure:2061: result: a.out
configure:2066: checking whether the C compiler works
configure:2072: ./a.out
configure:2075: $? = 0
configure:2092: result: yes
configure:2099: checking whether we are cross compiling
configure:2101: result: no
configure:2104: checking for suffix of executables
configure:2106: gcc -o conftest    conftest.c  >&5
configure:2109: $? = 0
configure:2134: result: 
configure:2140: checking for suffix of object files
configure:2161: gcc -c   conftest.c >&5
configure:2164: $? = 0
configure:2186: result: o
configure:2190: checking whether we are using the GNU C compiler
configure:2214: gcc -c   conftest.c >&5
configure:2220: $? = 0
configure:2224: test -z 
			 || test ! -s conftest.err
configure:2227: $? = 0
configure:2230: test -s conftest.o
configure:2233: $? = 0
configure:2246: result: yes
configure:2252: checking whether gcc accepts -g
configure:2273: gcc -c -g  conftest.c >&5
configure:2279: $? = 0
configure:2283: test -z 
			 || test ! -s conftest.err
configure:2286: $? = 0
configure:2289: test -s conftest.o
configure:2292: $? = 0
configure:2303: result: yes
configure:2320: checking for gcc option to accept ANSI C
configure:2390: gcc  -c -g -O2  conftest.c >&5
configure:2396: $? = 0
configure:2400: test -z 
			 || test ! -s conftest.err
configure:2403: $? = 0
configure:2406: test -s conftest.o
configure:2409: $? = 0
configure:2427: result: none needed
configure:2445: gcc -c -g -O2  conftest.c >&5
conftest.c:2: error: parse error before "me"
configure:2451: $? = 1
configure: failed program was:
| #ifndef __cplusplus
|   choke me
| #endif
configure:2603: checking for style of include used by make
configure:2631: result: GNU
configure:2659: checking dependency style of gcc
configure:2721: result: gcc3
configure:2739: checking for a BSD-compatible install
configure:2794: result: /usr/bin/install -c
configure:2857: checking for g++
configure:2873: found /usr/bin/g++
configure:2883: result: g++
configure:2899: checking for C++ compiler version
configure:2902: g++ --version </dev/null >&5
powerpc-apple-darwin8-g++-4.0.0 (GCC) 4.0.0 20041026 (Apple Computer, Inc. build 4061)
Copyright (C) 2004 Free Software Foundation, Inc.
This is free software; see the source for copying conditions.  There is NO
warranty; not even for MERCHANTABILITY or FITNESS FOR A PARTICULAR PURPOSE.

configure:2905: $? = 0
configure:2907: g++ -v </dev/null >&5
Reading specs from /usr/lib/gcc/powerpc-apple-darwin8/4.0.0/specs
Configured with: /private/var/tmp/gcc/gcc-4061.obj~8/src/configure --disable-checking --prefix=/usr --mandir=/share/man --enable-languages=c,objc,c++,obj-c++ --program-transform-name=/^[cg][^+.-]*$/s/$/-4.0/ --with-gxx-include-dir=/include/gcc/darwin/4.0/c++ --build=powerpc-apple-darwin8 --host=powerpc-apple-darwin8 --target=powerpc-apple-darwin8
Thread model: posix
gcc version 4.0.0 20041026 (Apple Computer, Inc. build 4061)
configure:2910: $? = 0
configure:2912: g++ -V </dev/null >&5
g++: argument to `-V' is missing
configure:2915: $? = 1
configure:2918: checking whether we are using the GNU C++ compiler
configure:2942: g++ -c   conftest.cc >&5
configure:2948: $? = 0
configure:2952: test -z 
			 || test ! -s conftest.err
configure:2955: $? = 0
configure:2958: test -s conftest.o
configure:2961: $? = 0
configure:2974: result: yes
configure:2980: checking whether g++ accepts -g
configure:3001: g++ -c -g  conftest.cc >&5
configure:3007: $? = 0
configure:3011: test -z 
			 || test ! -s conftest.err
configure:3014: $? = 0
configure:3017: test -s conftest.o
configure:3020: $? = 0
configure:3031: result: yes
configure:3073: g++ -c -g -O2  conftest.cc >&5
configure:3079: $? = 0
configure:3083: test -z 
			 || test ! -s conftest.err
configure:3086: $? = 0
configure:3089: test -s conftest.o
configure:3092: $? = 0
configure:3118: g++ -c -g -O2  conftest.cc >&5
conftest.cc: In function `int main()':
conftest.cc:15: error: 'exit' was not declared in this scope
configure:3124: $? = 1
configure: failed program was:
| /* confdefs.h.  */
| 
| #define PACKAGE_NAME ""
| #define PACKAGE_TARNAME ""
| #define PACKAGE_VERSION ""
| #define PACKAGE_STRING ""
| #define PACKAGE_BUGREPORT ""
| #define PACKAGE "cddlib"
| #define VERSION "0.94"
| /* end confdefs.h.  */
| 
| int
| main ()
| {
| exit (42);
|   ;
|   return 0;
| }
configure:3073: g++ -c -g -O2  conftest.cc >&5
/usr/include/stdlib.h:158: error: 'void exit(int)' conflicts with previous using declaration 'void std::exit(int)'
/usr/include/stdlib.h:158: error: 'void exit(int)' conflicts with used function
conftest.cc:11: error: 'void std::exit(int)' previously declared here
configure:3079: $? = 1
configure: failed program was:
| /* confdefs.h.  */
| 
| #define PACKAGE_NAME ""
| #define PACKAGE_TARNAME ""
| #define PACKAGE_VERSION ""
| #define PACKAGE_STRING ""
| #define PACKAGE_BUGREPORT ""
| #define PACKAGE "cddlib"
| #define VERSION "0.94"
| /* end confdefs.h.  */
| extern "C" void std::exit (int) throw (); using std::exit;
| #include <stdlib.h>
| int
| main ()
| {
| exit (42);
|   ;
|   return 0;
| }
configure:3073: g++ -c -g -O2  conftest.cc >&5
/usr/include/stdlib.h:158: error: 'void exit(int)' conflicts with previous using declaration 'void std::exit(int)'
/usr/include/stdlib.h:158: error: 'void exit(int)' conflicts with used function
conftest.cc:11: error: 'void std::exit(int)' previously declared here
configure:3079: $? = 1
configure: failed program was:
| /* confdefs.h.  */
| 
| #define PACKAGE_NAME ""
| #define PACKAGE_TARNAME ""
| #define PACKAGE_VERSION ""
| #define PACKAGE_STRING ""
| #define PACKAGE_BUGREPORT ""
| #define PACKAGE "cddlib"
| #define VERSION "0.94"
| /* end confdefs.h.  */
| extern "C" void std::exit (int); using std::exit;
| #include <stdlib.h>
| int
| main ()
| {
| exit (42);
|   ;
|   return 0;
| }
configure:3073: g++ -c -g -O2  conftest.cc >&5
/usr/include/stdlib.h:158: error: declaration of 'void exit(int)' throws different exceptions
conftest.cc:11: error: than previous declaration 'void exit(int) throw ()'
configure:3079: $? = 1
configure: failed program was:
| /* confdefs.h.  */
| 
| #define PACKAGE_NAME ""
| #define PACKAGE_TARNAME ""
| #define PACKAGE_VERSION ""
| #define PACKAGE_STRING ""
| #define PACKAGE_BUGREPORT ""
| #define PACKAGE "cddlib"
| #define VERSION "0.94"
| /* end confdefs.h.  */
| extern "C" void exit (int) throw ();
| #include <stdlib.h>
| int
| main ()
| {
| exit (42);
|   ;
|   return 0;
| }
configure:3073: g++ -c -g -O2  conftest.cc >&5
configure:3079: $? = 0
configure:3083: test -z 
			 || test ! -s conftest.err
configure:3086: $? = 0
configure:3089: test -s conftest.o
configure:3092: $? = 0
configure:3118: g++ -c -g -O2  conftest.cc >&5
configure:3124: $? = 0
configure:3128: test -z 
			 || test ! -s conftest.err
configure:3131: $? = 0
configure:3134: test -s conftest.o
configure:3137: $? = 0
configure:3162: checking dependency style of g++
configure:3224: result: gcc3
configure:3270: checking for ranlib
configure:3286: found /usr/bin/ranlib
configure:3297: result: ranlib
configure:3312: checking for main in -lgmp
configure:3336: gcc -o conftest -g -O2   conftest.c -lgmp   >&5
configure:3342: $? = 0
configure:3346: test -z 
			 || test ! -s conftest.err
configure:3349: $? = 0
configure:3352: test -s conftest
configure:3355: $? = 0
configure:3368: result: yes
configure:3385: checking how to run the C preprocessor
configure:3420: gcc -E  conftest.c
configure:3426: $? = 0
configure:3458: gcc -E  conftest.c
conftest.c:15:28: error: ac_nonexistent.h: No such file or directory
configure:3464: $? = 1
configure: failed program was:
| /* confdefs.h.  */
| 
| #define PACKAGE_NAME ""
| #define PACKAGE_TARNAME ""
| #define PACKAGE_VERSION ""
| #define PACKAGE_STRING ""
| #define PACKAGE_BUGREPORT ""
| #define PACKAGE "cddlib"
| #define VERSION "0.94"
| #ifdef __cplusplus
| extern "C" void exit (int);
| #endif
| #define HAVE_LIBGMP 1
| /* end confdefs.h.  */
| #include <ac_nonexistent.h>
configure:3503: result: gcc -E
configure:3527: gcc -E  conftest.c
configure:3533: $? = 0
configure:3565: gcc -E  conftest.c
conftest.c:15:28: error: ac_nonexistent.h: No such file or directory
configure:3571: $? = 1
configure: failed program was:
| /* confdefs.h.  */
| 
| #define PACKAGE_NAME ""
| #define PACKAGE_TARNAME ""
| #define PACKAGE_VERSION ""
| #define PACKAGE_STRING ""
| #define PACKAGE_BUGREPORT ""
| #define PACKAGE "cddlib"
| #define VERSION "0.94"
| #ifdef __cplusplus
| extern "C" void exit (int);
| #endif
| #define HAVE_LIBGMP 1
| /* end confdefs.h.  */
| #include <ac_nonexistent.h>
configure:3615: checking for egrep
configure:3625: result: grep -E
configure:3630: checking for ANSI C header files
configure:3655: gcc -c -g -O2  conftest.c >&5
configure:3661: $? = 0
configure:3665: test -z 
			 || test ! -s conftest.err
configure:3668: $? = 0
configure:3671: test -s conftest.o
configure:3674: $? = 0
configure:3760: gcc -o conftest -g -O2   conftest.c -lgmp  >&5
conftest.c: In function 'main':
conftest.c:32: warning: incompatible implicit declaration of built-in function 'exit'
configure:3763: $? = 0
configure:3765: ./conftest
configure:3768: $? = 0
configure:3783: result: yes
configure:3794: checking for an ANSI C-conforming const
configure:3861: gcc -c -g -O2  conftest.c >&5
configure:3867: $? = 0
configure:3871: test -z 
			 || test ! -s conftest.err
configure:3874: $? = 0
configure:3877: test -s conftest.o
configure:3880: $? = 0
configure:3891: result: yes
configure:4037: creating ./config.status

## ---------------------- ##
## Running config.status. ##
## ---------------------- ##

This file was extended by config.status, which was
generated by GNU Autoconf 2.59.  Invocation command line was

  CONFIG_FILES    = 
  CONFIG_HEADERS  = 
  CONFIG_LINKS    = 
  CONFIG_COMMANDS = 
  $ ./config.status 

on nepal.local

config.status:684: creating lib-src/Makefile
config.status:684: creating src/Makefile
config.status:684: creating lib-src-gmp/Makefile
config.status:684: creating src-gmp/Makefile
config.status:684: creating Makefile
config.status:867: executing depfiles commands

## ---------------- ##
## Cache variables. ##
## ---------------- ##

ac_cv_c_compiler_gnu=yes
ac_cv_c_const=yes
ac_cv_cxx_compiler_gnu=yes
ac_cv_env_CC_set=
ac_cv_env_CC_value=
ac_cv_env_CFLAGS_set=
ac_cv_env_CFLAGS_value=
ac_cv_env_CPPFLAGS_set=
ac_cv_env_CPPFLAGS_value=
ac_cv_env_CPP_set=
ac_cv_env_CPP_value=
ac_cv_env_CXXFLAGS_set=
ac_cv_env_CXXFLAGS_value=
ac_cv_env_CXX_set=
ac_cv_env_CXX_value=
ac_cv_env_LDFLAGS_set=
ac_cv_env_LDFLAGS_value=
ac_cv_env_build_alias_set=
ac_cv_env_build_alias_value=
ac_cv_env_host_alias_set=
ac_cv_env_host_alias_value=
ac_cv_env_target_alias_set=
ac_cv_env_target_alias_value=
ac_cv_exeext=
ac_cv_header_stdc=yes
ac_cv_lib_gmp_main=yes
ac_cv_objext=o
ac_cv_path_install='/usr/bin/install -c'
ac_cv_prog_AWK=gawk
ac_cv_prog_CPP='gcc -E'
ac_cv_prog_ac_ct_CC=gcc
ac_cv_prog_ac_ct_CXX=g++
ac_cv_prog_ac_ct_RANLIB=ranlib
ac_cv_prog_cc_g=yes
ac_cv_prog_cc_stdc=
ac_cv_prog_cxx_g=yes
ac_cv_prog_egrep='grep -E'
ac_cv_prog_make_make_set=yes
am_cv_CC_dependencies_compiler_type=gcc3
am_cv_CXX_dependencies_compiler_type=gcc3

## ----------------- ##
## Output variables. ##
## ----------------- ##

ACLOCAL='${SHELL} /u/fukuda/Algorithm/Cdd/Development/cddlib-094c/missing --run aclocal-1.6'
AMDEPBACKSLASH='\'
AMDEP_FALSE='#'
AMDEP_TRUE=''
AMTAR='${SHELL} /u/fukuda/Algorithm/Cdd/Development/cddlib-094c/missing --run tar'
AUTOCONF='${SHELL} /u/fukuda/Algorithm/Cdd/Development/cddlib-094c/missing --run autoconf'
AUTOHEADER='${SHELL} /u/fukuda/Algorithm/Cdd/Development/cddlib-094c/missing --run autoheader'
AUTOMAKE='${SHELL} /u/fukuda/Algorithm/Cdd/Development/cddlib-094c/missing --run automake-1.6'
AWK='gawk'
CC='gcc'
CCDEPMODE='depmode=gcc3'
CFLAGS='-g -O2'
CPP='gcc -E'
CPPFLAGS=''
CXX='g++'
CXXDEPMODE='depmode=gcc3'
CXXFLAGS='-g -O2'
DEFS='-DPACKAGE_NAME=\"\" -DPACKAGE_TARNAME=\"\" -DPACKAGE_VERSION=\"\" -DPACKAGE_STRING=\"\" -DPACKAGE_BUGREPORT=\"\" -DPACKAGE=\"cddlib\" -DVERSION=\"0.94\" -DHAVE_LIBGMP=1 -DSTDC_HEADERS=1 '
DEPDIR='.deps'
ECHO_C=''
ECHO_N='-n'
ECHO_T=''
EGREP='grep -E'
EXEEXT=''
INSTALL_DATA='${INSTALL} -m 644'
INSTALL_PROGRAM='${INSTALL}'
INSTALL_SCRIPT='${INSTALL}'
INSTALL_STRIP_PROGRAM='${SHELL} $(install_sh) -c -s'
LDFLAGS=''
LIBOBJS=''
LIBS='-lgmp '
LTLIBOBJS=''
MAKEINFO='${SHELL} /u/fukuda/Algorithm/Cdd/Development/cddlib-094c/missing --run makeinfo'
OBJEXT='o'
PACKAGE='cddlib'
PACKAGE_BUGREPORT=''
PACKAGE_NAME=''
PACKAGE_STRING=''
PACKAGE_TARNAME=''
PACKAGE_VERSION=''
PATH_SEPARATOR=':'
RANLIB='ranlib'
SET_MAKE=''
SHELL='/bin/sh'
STRIP=''
VERSION='0.94'
ac_ct_CC='gcc'
ac_ct_CXX='g++'
ac_ct_RANLIB='ranlib'
ac_ct_STRIP=''
am__include='include'
am__quote=''
bindir='${exec_prefix}/bin'
build_alias=''
datadir='${prefix}/share'
exec_prefix='${prefix}'
host_alias=''
includedir='${prefix}/include'
infodir='${prefix}/info'
install_sh='/u/fukuda/Algorithm/Cdd/Development/cddlib-094c/install-sh'
libdir='${exec_prefix}/lib'
libexecdir='${exec_prefix}/libexec'
localstatedir='${prefix}/var'
mandir='${prefix}/man'
oldincludedir='/usr/include'
prefix='/usr/local'
program_transform_name='s,x,x,'
sbindir='${exec_prefix}/sbin'
sharedstatedir='${prefix}/com'
sysconfdir='${prefix}/etc'
target_alias=''

## ----------- ##
## confdefs.h. ##
## ----------- ##

#define HAVE_LIBGMP 1
#define PACKAGE "cddlib"
#define PACKAGE_BUGREPORT ""
#define PACKAGE_NAME ""
#define PACKAGE_STRING ""
#define PACKAGE_TARNAME ""
#define PACKAGE_VERSION ""
#define STDC_HEADERS 1
#define VERSION "0.94"
#endif
#ifdef __cplusplus
extern "C" void exit (int);

configure: exit 0
